IP Generator (Version 2022.1 build 99559)
Check out license ...
Start generating at 2023-11-14 20:08
Instance: ram_8i8o_2048 (F:\Project\WorkSpace\FPGA\Video_pro\Projet\ipcore\ram_8i8o_2048\ram_8i8o_2048.idf)
IP: DRM Based Simple Dual Port RAM (1.6)
Part: Logos-PGL50H-FBG484--6
Create directory 'rtl' ...
Copy 'rtl\ipml_sdpram_v1_6.v.xml' to 'rtl' ...
Compile file 'rtl\ipml_sdpram_v1_6.v.xml' to 'rtl\ipml_sdpram_v1_6_ram_8i8o_2048.v' ...
Copy 'ipml_sdpram_wrapper_v1_6.v.xml' ...
Compile file 'ipml_sdpram_wrapper_v1_6.v.xml' to 'ram_8i8o_2048.v' ...
Found top module 'ram_8i8o_2048' in file 'ram_8i8o_2048.v'.
Copy 'ipml_sdpram_wrapper_v1_3_tb.v.xml' ...
Compile file 'ipml_sdpram_wrapper_v1_3_tb.v.xml' to 'ram_8i8o_2048_tb.v' ...
Copy 'init_param_bin_exmp.dat' ...
Copy 'init_param_hex_exmp.dat' ...
Run file 'createParam.tcl' ...
Create template file 'ram_8i8o_2048_tmpl.v' ...
Create template file 'ram_8i8o_2048_tmpl.vhdl' ...
There are 2 source files to synthesize.
Synthesis is disabled.
Done: 0 error(s), 0 warning(s)
