#Build: Fabric Compiler 2022.1, Build 99559, Jul 12 00:20 2022
#Install: D:\LenovoSoftstore\Install\ZiGuang\PDS_2022.1\bin
#Application name: pds_shell.exe
#OS: Windows 10 10.0.22621
#Hostname: LAPTOP-AL9302S6
Generated by Fabric Compiler (version 2022.1 build 99559) at Tue Nov 14 16:09:52 2023
Compiling verification operator library.
Compiling common defs.
Compiling prim grid devices.
Compiling gate devices.
Compiling gate operators.
Building architecture model.
Loading device packaging model.
Reading design from DB.
Start Generating Programming File...
Reading design from DB takes 1.437500 sec.
Generating architecture configuration.
The bitstream file is "F:/Project/WorkSpace/FPGA/Video_pro/Projet/generate_bitstream/video_top.sbit"
Generate programming file takes 6.703125 sec.
Generating Programming File done.
Action gen_bit_stream: Real time elapsed is 0h:0m:24s
Action gen_bit_stream: CPU time elapsed is 0h:0m:7s
Action gen_bit_stream: Process CPU time elapsed is 0h:0m:7s
Current time: Tue Nov 14 16:10:14 2023
Action gen_bit_stream: Peak memory pool usage is 819 MB
