#Build: Fabric Compiler 2022.1, Build 99559, Jul 12 00:20 2022
#Install: D:\LenovoSoftstore\Install\ZiGuang\PDS_2022.1\bin
#Application name: pds_shell.exe
#OS: Windows 10 10.0.22621
#Hostname: LAPTOP-AL9302S6
Generated by Fabric Compiler (version 2022.1 build 99559) at Tue Nov 14 21:27:47 2023
Compiling verification operator library.
Compiling common defs.
Compiling prim grid devices.
Compiling gate devices.
Compiling gate operators.
Building architecture model.
Loading device packaging model.
Reading design from DB.
Start Generating Programming File...
Reading design from DB takes 0.734375 sec.
Generating architecture configuration.
The bitstream file is "F:/Project/WorkSpace/FPGA/Video_pro/Projet/generate_bitstream/video_top.sbit"
Generate programming file takes 15.718750 sec.
Generating Programming File done.
Action gen_bit_stream: Real time elapsed is 0h:0m:54s
Action gen_bit_stream: CPU time elapsed is 0h:0m:16s
Action gen_bit_stream: Process CPU time elapsed is 0h:0m:16s
Current time: Tue Nov 14 21:28:39 2023
Action gen_bit_stream: Peak memory pool usage is 822 MB
