IP Generator (Version 2022.1 build 99559)
Check out license ...
Start generating at 2023-11-03 22:11
Instance: udp_rx_ram_8_2048 (F:\Project\WorkSpace\FPGA\Video_pro\Projet\ipcore\udp_rx_ram_8_2048\udp_rx_ram_8_2048.idf)
IP: DRM Based Simple Dual Port RAM (1.6)
Part: Logos-PGL50H-FBG484--6
Create directory 'rtl' ...
Copy 'rtl\ipml_sdpram_v1_6.v.xml' to 'rtl' ...
Compile file 'rtl\ipml_sdpram_v1_6.v.xml' to 'rtl\ipml_sdpram_v1_6_udp_rx_ram_8_2048.v' ...
Copy 'ipml_sdpram_wrapper_v1_6.v.xml' ...
Compile file 'ipml_sdpram_wrapper_v1_6.v.xml' to 'udp_rx_ram_8_2048.v' ...
Found top module 'udp_rx_ram_8_2048' in file 'udp_rx_ram_8_2048.v'.
Copy 'ipml_sdpram_wrapper_v1_3_tb.v.xml' ...
Compile file 'ipml_sdpram_wrapper_v1_3_tb.v.xml' to 'udp_rx_ram_8_2048_tb.v' ...
Copy 'init_param_bin_exmp.dat' ...
Copy 'init_param_hex_exmp.dat' ...
Run file 'createParam.tcl' ...
Create template file 'udp_rx_ram_8_2048_tmpl.v' ...
Create template file 'udp_rx_ram_8_2048_tmpl.vhdl' ...
There are 2 source files to synthesize.
Synthesis is disabled.
Done: 0 error(s), 0 warning(s)
