#Build: Fabric Compiler 2022.1, Build 99559, Jul 12 00:20 2022
#Install: D:\LenovoSoftstore\Install\ZiGuang\PDS_2022.1\bin
#Application name: pds.exe
#OS: Windows 10 10.0.22621
#Hostname: LAPTOP-AL9302S6
Generated by Fabric Compiler (version 2022.1 build 99559) at Tue Nov  7 09:18:01 2023
Parse module hierarchy of project 'F:/Project/WorkSpace/FPGA/Video_pro/Projet/temp_projects/Main_Flow/Main_Flow.pds' (ADS Parser)
E: Verilog-4163: [F:/Project/WorkSpace/FPGA/Video_pro/Source/UDP/check_sum.vh(line number: 2)] Global declarations are illegal in verilog, Enable SystemVerilog features first.
E: Verilog-4163: [F:/Project/WorkSpace/FPGA/Video_pro/Source/UDP/check_sum.vh(line number: 13)] Global declarations are illegal in verilog, Enable SystemVerilog features first.
E: Parsing ERROR.
E: Verilog-4073: [F:/Project/WorkSpace/FPGA/Video_pro/Source/UDP/new/gmii_to_rgmii/rgmii_rx.v(line number: 119)] Assignment target mac_rx_data must be of type reg or genvar
E: Verilog-4073: [F:/Project/WorkSpace/FPGA/Video_pro/Source/UDP/new/gmii_to_rgmii/rgmii_rx.v(line number: 120)] Assignment target mac_rx_data_valid must be of type reg or genvar
E: Verilog-4039: [F:/Project/WorkSpace/FPGA/Video_pro/Source/UDP/new/gmii_to_rgmii/rgmii_rx.v(line number: 134)] Identifier rgmii_rxd is not declared
E: Parsing ERROR.
Process exit normally.
Process exit normally.
Parse module hierarchy of project 'F:/Project/WorkSpace/FPGA/Video_pro/Projet/temp_projects/Main_Flow/Main_Flow.pds' (ADS Parser)
I: Flow-6004: Design file modified: "F:/Project/WorkSpace/FPGA/Video_pro/Source/Proseccor/mean_filter/vip_gray_median_filter.v". 
Parse module hierarchy of project 'F:/Project/WorkSpace/FPGA/Video_pro/Projet/temp_projects/Main_Flow/Main_Flow.pds' (ADS Parser)
I: Flow-6004: Design file modified: "F:/Project/WorkSpace/FPGA/Video_pro/Source/Proseccor/mean_filter/vip_gray_median_filter.v". 
E: Verilog-4163: [F:/Project/WorkSpace/FPGA/Video_pro/Source/UDP/check_sum.vh(line number: 2)] Global declarations are illegal in verilog, Enable SystemVerilog features first.
E: Verilog-4163: [F:/Project/WorkSpace/FPGA/Video_pro/Source/UDP/check_sum.vh(line number: 13)] Global declarations are illegal in verilog, Enable SystemVerilog features first.
E: Parsing ERROR.
E: Verilog-4073: [F:/Project/WorkSpace/FPGA/Video_pro/Source/UDP/new/gmii_to_rgmii/rgmii_rx.v(line number: 119)] Assignment target mac_rx_data must be of type reg or genvar
E: Verilog-4073: [F:/Project/WorkSpace/FPGA/Video_pro/Source/UDP/new/gmii_to_rgmii/rgmii_rx.v(line number: 120)] Assignment target mac_rx_data_valid must be of type reg or genvar
E: Verilog-4039: [F:/Project/WorkSpace/FPGA/Video_pro/Source/UDP/new/gmii_to_rgmii/rgmii_rx.v(line number: 134)] Identifier rgmii_rxd is not declared
E: Parsing ERROR.
