IP Generator (Version 2022.1 build 99559)
Check out license ...
Start generating at 2023-11-03 22:12
Instance: icmp_rx_ram_8_256 (F:\Project\WorkSpace\FPGA\Video_pro\Projet\ipcore\icmp_rx_ram_8_256\icmp_rx_ram_8_256.idf)
IP: DRM Based Simple Dual Port RAM (1.6)
Part: Logos-PGL50H-FBG484--6
Create directory 'rtl' ...
Copy 'rtl\ipml_sdpram_v1_6.v.xml' to 'rtl' ...
Compile file 'rtl\ipml_sdpram_v1_6.v.xml' to 'rtl\ipml_sdpram_v1_6_icmp_rx_ram_8_256.v' ...
Copy 'ipml_sdpram_wrapper_v1_6.v.xml' ...
Compile file 'ipml_sdpram_wrapper_v1_6.v.xml' to 'icmp_rx_ram_8_256.v' ...
Found top module 'icmp_rx_ram_8_256' in file 'icmp_rx_ram_8_256.v'.
Copy 'ipml_sdpram_wrapper_v1_3_tb.v.xml' ...
Compile file 'ipml_sdpram_wrapper_v1_3_tb.v.xml' to 'icmp_rx_ram_8_256_tb.v' ...
Copy 'init_param_bin_exmp.dat' ...
Copy 'init_param_hex_exmp.dat' ...
Run file 'createParam.tcl' ...
Create template file 'icmp_rx_ram_8_256_tmpl.v' ...
Create template file 'icmp_rx_ram_8_256_tmpl.vhdl' ...
There are 2 source files to synthesize.
Synthesis is disabled.
Done: 0 error(s), 0 warning(s)
