#Build: Fabric Inserter 2022.1, Build 99559, Jul 12 00:20 2022
#Install: D:\LenovoSoftstore\Install\ZiGuang\PDS_2022.1\bin
#Application name: cdt_ins.exe
#OS: Windows 10 10.0.22621
#Hostname: LAPTOP-AL9302S6
Generated by Fabric Inserter (version 2022.1 build 99559) at Tue Nov 14 16:19:40 2023
*************************************************************************
*
*  Parsing design. Please be patient as this can take several minutes.
*
*************************************************************************
Compiling architecture definition.
Loading technology operator library.
Compiling technology operator library.
Compiling technology operator (valence) library.
Compiling file 'F:/Project/WorkSpace/FPGA/Video_pro/Projet/synthesize/video_top_syn.adf' successful.
Creating module hierarchy.
Collecting net information.
*************************************************************************
*
*  Design Parsing Done.
*
*************************************************************************
Read project 'F:/Project/WorkSpace/FPGA/Video_pro/Projet/synthesize/video_top_syn.fic' Successfully.
M_PROCESS_FINISH_STARTED

Successfully Write Project F:/Project/WorkSpace/FPGA/Video_pro/Projet/synthesize/video_top_syn.fic.
